<?xml version="1.0" encoding="UTF-8"?>
<!-- Generated by org.testng.reporters.JUnitXMLReporter -->
<testsuite ignored="0" hostname="Silver_knight" failures="0" tests="2" name="Default test" time="0.054" errors="0" timestamp="2024-06-25T07:42:24 IST">
  <testcase classname="org.baseclass.BaseClass" name="@BeforeClass launchBrowser" time="-1.719281544363E9">
    <failure type="org.testng.TestNGException" message="
Parameter &amp;apos;browser&amp;apos; is required by BeforeClass on method launchBrowser but has not been marked @Optional or defined
in C:\Users\deepa\AppData\Local\Temp\testng-eclipse-1233487862\testng-customsuite.xml">
      <![CDATA[org.testng.TestNGException: 
Parameter 'browser' is required by BeforeClass on method launchBrowser but has not been marked @Optional or defined
in C:\Users\deepa\AppData\Local\Temp\testng-eclipse-1233487862\testng-customsuite.xml
at org.testng.internal.Parameters.createParams(Parameters.java:270)
at org.testng.internal.Parameters.createParametersForMethod(Parameters.java:358)
at org.testng.internal.Parameters.createParameters(Parameters.java:700)
at org.testng.internal.Parameters.createConfigurationParameters(Parameters.java:168)
at org.testng.internal.ConfigInvoker.invokeConfigurations(ConfigInvoker.java:302)
at org.testng.internal.TestMethodWorker.invokeBeforeClassMethods(TestMethodWorker.java:176)
at org.testng.internal.TestMethodWorker.run(TestMethodWorker.java:122)
at java.base/java.util.ArrayList.forEach(ArrayList.java:1511)
at org.testng.TestRunner.privateRun(TestRunner.java:794)
at org.testng.TestRunner.run(TestRunner.java:596)
at org.testng.SuiteRunner.runTest(SuiteRunner.java:377)
at org.testng.SuiteRunner.runSequentially(SuiteRunner.java:371)
at org.testng.SuiteRunner.privateRun(SuiteRunner.java:332)
at org.testng.SuiteRunner.run(SuiteRunner.java:276)
at org.testng.SuiteRunnerWorker.runSuite(SuiteRunnerWorker.java:53)
at org.testng.SuiteRunnerWorker.run(SuiteRunnerWorker.java:96)
at org.testng.TestNG.runSuitesSequentially(TestNG.java:1212)
at org.testng.TestNG.runSuitesLocally(TestNG.java:1134)
at org.testng.TestNG.runSuites(TestNG.java:1063)
at org.testng.TestNG.run(TestNG.java:1031)
at org.testng.remote.AbstractRemoteTestNG.run(AbstractRemoteTestNG.java:115)
at org.testng.remote.RemoteTestNG.initAndRun(RemoteTestNG.java:293)
at org.testng.remote.RemoteTestNG.main(RemoteTestNG.java:91)
]]>
    </failure>
  </testcase> <!-- @BeforeClass launchBrowser -->
  <testcase classname="org.e_learning_platform.E_Learning_Plateform.E_Learning" name="@BeforeClass launchTheBrowser" time="-1.719281544371E9">
    <skipped/>
  </testcase> <!-- @BeforeClass launchTheBrowser -->
  <testcase classname="org.e_learning_platform.E_Learning_Plateform.E_Learning" name="@AfterClass closetheBrowser" time="-1.719281544403E9">
    <skipped/>
  </testcase> <!-- @AfterClass closetheBrowser -->
  <testcase classname="org.e_learning_platform.E_Learning_Plateform.E_Learning" name="invalidUserRegistration" time="0.0">
    <skipped/>
  </testcase> <!-- invalidUserRegistration -->
  <testcase classname="org.e_learning_platform.E_Learning_Plateform.E_Learning" name="validUserRegistration" time="0.0">
    <skipped/>
  </testcase> <!-- validUserRegistration -->
</testsuite> <!-- Default test -->
